
v v v
 v v 
cv
cd    
xv
x
v
xvcc
vx
vkeepassxc ilovemydadthegoat                                v cd    v˜˜( / dothraki 
how to secure delete in liux  nux cv ls 
cd .. cd ˜˜ d cd de  ls cd TV  ls srm −zvr + c
ccv
cd .. cd dc  oc    .. cd doc  ls 
rm −r      ar 
alt       a hac is  
cd .. cd dow  rm −rf E  çls  
 cd pic    .. cd pic  ls mv a andromeda.png                           car \ cartwheel.tiff                                        lac lac            cd .. ls s 
srm      cd stt ls srn          ch  o        ot  ut  srm base              F        F  date and time 

date andter         d /dioc    oc  um             oc thr   dothraki 